[32m[Nest] 28852  - [39m07.03.2026 10:41:51 [32m    LOG[39m [38;5;3m[NestFactory] [39m[32mStarting Nest application...[39m
[32m[Nest] 28852  - [39m07.03.2026 10:41:51 [32m    LOG[39m [38;5;3m[InstanceLoader] [39m[32mTypeOrmModule dependencies initialized[39m[38;5;3m +15ms[39m
[32m[Nest] 28852  - [39m07.03.2026 10:41:51 [32m    LOG[39m [38;5;3m[InstanceLoader] [39m[32mPassportModule dependencies initialized[39m[38;5;3m +0ms[39m
[32m[Nest] 28852  - [39m07.03.2026 10:41:51 [32m    LOG[39m [38;5;3m[InstanceLoader] [39m[32mConfigHostModule dependencies initialized[39m[38;5;3m +1ms[39m
[32m[Nest] 28852  - [39m07.03.2026 10:41:51 [32m    LOG[39m [38;5;3m[InstanceLoader] [39m[32mAppModule dependencies initialized[39m[38;5;3m +0ms[39m
[32m[Nest] 28852  - [39m07.03.2026 10:41:51 [32m    LOG[39m [38;5;3m[InstanceLoader] [39m[32mConfigModule dependencies initialized[39m[38;5;3m +10ms[39m
[32m[Nest] 28852  - [39m07.03.2026 10:41:51 [32m    LOG[39m [38;5;3m[InstanceLoader] [39m[32mConfigModule dependencies initialized[39m[38;5;3m +0ms[39m
[32m[Nest] 28852  - [39m07.03.2026 10:41:51 [32m    LOG[39m [38;5;3m[InstanceLoader] [39m[32mJwtModule dependencies initialized[39m[38;5;3m +186ms[39m
[32m[Nest] 28852  - [39m07.03.2026 10:41:52 [32m    LOG[39m [38;5;3m[InstanceLoader] [39m[32mTypeOrmCoreModule dependencies initialized[39m[38;5;3m +193ms[39m
[32m[Nest] 28852  - [39m07.03.2026 10:41:52 [32m    LOG[39m [38;5;3m[InstanceLoader] [39m[32mTypeOrmModule dependencies initialized[39m[38;5;3m +0ms[39m
[32m[Nest] 28852  - [39m07.03.2026 10:41:52 [32m    LOG[39m [38;5;3m[InstanceLoader] [39m[32mTypeOrmModule dependencies initialized[39m[38;5;3m +0ms[39m
[32m[Nest] 28852  - [39m07.03.2026 10:41:52 [32m    LOG[39m [38;5;3m[InstanceLoader] [39m[32mTypeOrmModule dependencies initialized[39m[38;5;3m +0ms[39m
[32m[Nest] 28852  - [39m07.03.2026 10:41:52 [32m    LOG[39m [38;5;3m[InstanceLoader] [39m[32mTypeOrmModule dependencies initialized[39m[38;5;3m +0ms[39m
[32m[Nest] 28852  - [39m07.03.2026 10:41:52 [32m    LOG[39m [38;5;3m[InstanceLoader] [39m[32mTypeOrmModule dependencies initialized[39m[38;5;3m +0ms[39m
[32m[Nest] 28852  - [39m07.03.2026 10:41:52 [32m    LOG[39m [38;5;3m[InstanceLoader] [39m[32mTypeOrmModule dependencies initialized[39m[38;5;3m +0ms[39m
[32m[Nest] 28852  - [39m07.03.2026 10:41:52 [32m    LOG[39m [38;5;3m[InstanceLoader] [39m[32mTypeOrmModule dependencies initialized[39m[38;5;3m +0ms[39m
[32m[Nest] 28852  - [39m07.03.2026 10:41:52 [32m    LOG[39m [38;5;3m[InstanceLoader] [39m[32mTypeOrmModule dependencies initialized[39m[38;5;3m +0ms[39m
[32m[Nest] 28852  - [39m07.03.2026 10:41:52 [32m    LOG[39m [38;5;3m[InstanceLoader] [39m[32mTypeOrmModule dependencies initialized[39m[38;5;3m +0ms[39m
[32m[Nest] 28852  - [39m07.03.2026 10:41:52 [32m    LOG[39m [38;5;3m[InstanceLoader] [39m[32mTypeOrmModule dependencies initialized[39m[38;5;3m +0ms[39m
[32m[Nest] 28852  - [39m07.03.2026 10:41:52 [32m    LOG[39m [38;5;3m[InstanceLoader] [39m[32mTypeOrmModule dependencies initialized[39m[38;5;3m +0ms[39m
[32m[Nest] 28852  - [39m07.03.2026 10:41:52 [32m    LOG[39m [38;5;3m[InstanceLoader] [39m[32mTypeOrmModule dependencies initialized[39m[38;5;3m +0ms[39m
[32m[Nest] 28852  - [39m07.03.2026 10:41:52 [32m    LOG[39m [38;5;3m[InstanceLoader] [39m[32mTypeOrmModule dependencies initialized[39m[38;5;3m +0ms[39m
[32m[Nest] 28852  - [39m07.03.2026 10:41:52 [32m    LOG[39m [38;5;3m[InstanceLoader] [39m[32mTypeOrmModule dependencies initialized[39m[38;5;3m +0ms[39m
[32m[Nest] 28852  - [39m07.03.2026 10:41:52 [32m    LOG[39m [38;5;3m[InstanceLoader] [39m[32mTypeOrmModule dependencies initialized[39m[38;5;3m +0ms[39m
[32m[Nest] 28852  - [39m07.03.2026 10:41:52 [32m    LOG[39m [38;5;3m[InstanceLoader] [39m[32mTypeOrmModule dependencies initialized[39m[38;5;3m +0ms[39m
[32m[Nest] 28852  - [39m07.03.2026 10:41:52 [32m    LOG[39m [38;5;3m[InstanceLoader] [39m[32mTypeOrmModule dependencies initialized[39m[38;5;3m +0ms[39m
[32m[Nest] 28852  - [39m07.03.2026 10:41:52 [32m    LOG[39m [38;5;3m[InstanceLoader] [39m[32mTypeOrmModule dependencies initialized[39m[38;5;3m +0ms[39m
[32m[Nest] 28852  - [39m07.03.2026 10:41:52 [32m    LOG[39m [38;5;3m[InstanceLoader] [39m[32mTypeOrmModule dependencies initialized[39m[38;5;3m +0ms[39m
[32m[Nest] 28852  - [39m07.03.2026 10:41:52 [32m    LOG[39m [38;5;3m[InstanceLoader] [39m[32mTypeOrmModule dependencies initialized[39m[38;5;3m +0ms[39m
[32m[Nest] 28852  - [39m07.03.2026 10:41:52 [32m    LOG[39m [38;5;3m[InstanceLoader] [39m[32mSecurityModule dependencies initialized[39m[38;5;3m +1ms[39m
[32m[Nest] 28852  - [39m07.03.2026 10:41:52 [32m    LOG[39m [38;5;3m[InstanceLoader] [39m[32mPrintersModule dependencies initialized[39m[38;5;3m +2ms[39m
[32m[Nest] 28852  - [39m07.03.2026 10:41:52 [32m    LOG[39m [38;5;3m[InstanceLoader] [39m[32mAuthModule dependencies initialized[39m[38;5;3m +0ms[39m
[32m[Nest] 28852  - [39m07.03.2026 10:41:52 [32m    LOG[39m [38;5;3m[InstanceLoader] [39m[32mUsersModule dependencies initialized[39m[38;5;3m +1ms[39m
[32m[Nest] 28852  - [39m07.03.2026 10:41:52 [32m    LOG[39m [38;5;3m[InstanceLoader] [39m[32mSalesModule dependencies initialized[39m[38;5;3m +0ms[39m
[32m[Nest] 28852  - [39m07.03.2026 10:41:52 [32m    LOG[39m [38;5;3m[InstanceLoader] [39m[32mInvoicesModule dependencies initialized[39m[38;5;3m +0ms[39m
[32m[Nest] 28852  - [39m07.03.2026 10:41:52 [32m    LOG[39m [38;5;3m[InstanceLoader] [39m[32mDeliveriesModule dependencies initialized[39m[38;5;3m +0ms[39m
[32m[Nest] 28852  - [39m07.03.2026 10:41:52 [32m    LOG[39m [38;5;3m[InstanceLoader] [39m[32mLocationsModule dependencies initialized[39m[38;5;3m +0ms[39m
[32m[Nest] 28852  - [39m07.03.2026 10:41:52 [32m    LOG[39m [38;5;3m[InstanceLoader] [39m[32mTablesModule dependencies initialized[39m[38;5;3m +0ms[39m
[32m[Nest] 28852  - [39m07.03.2026 10:41:52 [32m    LOG[39m [38;5;3m[InstanceLoader] [39m[32mEmployeesModule dependencies initialized[39m[38;5;3m +0ms[39m
[32m[Nest] 28852  - [39m07.03.2026 10:41:52 [32m    LOG[39m [38;5;3m[InstanceLoader] [39m[32mZonesModule dependencies initialized[39m[38;5;3m +0ms[39m
[32m[Nest] 28852  - [39m07.03.2026 10:41:52 [32m    LOG[39m [38;5;3m[InstanceLoader] [39m[32mPartnersModule dependencies initialized[39m[38;5;3m +0ms[39m
[32m[Nest] 28852  - [39m07.03.2026 10:41:52 [32m    LOG[39m [38;5;3m[InstanceLoader] [39m[32mWarehousesModule dependencies initialized[39m[38;5;3m +0ms[39m
[32m[Nest] 28852  - [39m07.03.2026 10:41:52 [32m    LOG[39m [38;5;3m[InstanceLoader] [39m[32mFinanceModule dependencies initialized[39m[38;5;3m +0ms[39m
[32m[Nest] 28852  - [39m07.03.2026 10:41:52 [32m    LOG[39m [38;5;3m[InstanceLoader] [39m[32mRolesModule dependencies initialized[39m[38;5;3m +0ms[39m
[32m[Nest] 28852  - [39m07.03.2026 10:41:52 [32m    LOG[39m [38;5;3m[InstanceLoader] [39m[32mProductsModule dependencies initialized[39m[38;5;3m +0ms[39m
[32m[Nest] 28852  - [39m07.03.2026 10:41:52 [32m    LOG[39m [38;5;3m[InstanceLoader] [39m[32mStocksModule dependencies initialized[39m[38;5;3m +0ms[39m
[32m[Nest] 28852  - [39m07.03.2026 10:41:52 [32m    LOG[39m [38;5;3m[InstanceLoader] [39m[32mRecipesModule dependencies initialized[39m[38;5;3m +0ms[39m
[32m[Nest] 28852  - [39m07.03.2026 10:41:52 [32m    LOG[39m [38;5;3m[InstanceLoader] [39m[32mWastagesModule dependencies initialized[39m[38;5;3m +0ms[39m
[32m[Nest] 28852  - [39m07.03.2026 10:41:52 [32m    LOG[39m [38;5;3m[InstanceLoader] [39m[32mPurchaseOrdersModule dependencies initialized[39m[38;5;3m +0ms[39m
[32m[Nest] 28852  - [39m07.03.2026 10:41:52 [32m    LOG[39m [38;5;3m[InstanceLoader] [39m[32mOrdersModule dependencies initialized[39m[38;5;3m +0ms[39m
[32m[Nest] 28852  - [39m07.03.2026 10:41:52 [32m    LOG[39m [38;5;3m[RoutesResolver] [39m[32mAppController {/}:[39m[38;5;3m +136ms[39m
[32m[Nest] 28852  - [39m07.03.2026 10:41:52 [32m    LOG[39m [38;5;3m[RouterExplorer] [39m[32mMapped {/, GET} route[39m[38;5;3m +2ms[39m
[32m[Nest] 28852  - [39m07.03.2026 10:41:52 [32m    LOG[39m [38;5;3m[RoutesResolver] [39m[32mRolesController {/roles}:[39m[38;5;3m +0ms[39m
[32m[Nest] 28852  - [39m07.03.2026 10:41:52 [32m    LOG[39m [38;5;3m[RouterExplorer] [39m[32mMapped {/roles, GET} route[39m[38;5;3m +0ms[39m
[32m[Nest] 28852  - [39m07.03.2026 10:41:52 [32m    LOG[39m [38;5;3m[RouterExplorer] [39m[32mMapped {/roles/:id, GET} route[39m[38;5;3m +0ms[39m
[32m[Nest] 28852  - [39m07.03.2026 10:41:52 [32m    LOG[39m [38;5;3m[RouterExplorer] [39m[32mMapped {/roles, POST} route[39m[38;5;3m +1ms[39m
[32m[Nest] 28852  - [39m07.03.2026 10:41:52 [32m    LOG[39m [38;5;3m[RouterExplorer] [39m[32mMapped {/roles/:id, PUT} route[39m[38;5;3m +0ms[39m
[32m[Nest] 28852  - [39m07.03.2026 10:41:52 [32m    LOG[39m [38;5;3m[RouterExplorer] [39m[32mMapped {/roles/:id, DELETE} route[39m[38;5;3m +0ms[39m
[32m[Nest] 28852  - [39m07.03.2026 10:41:52 [32m    LOG[39m [38;5;3m[RoutesResolver] [39m[32mUsersController {/users}:[39m[38;5;3m +0ms[39m
[32m[Nest] 28852  - [39m07.03.2026 10:41:52 [32m    LOG[39m [38;5;3m[RouterExplorer] [39m[32mMapped {/users, GET} route[39m[38;5;3m +0ms[39m
[32m[Nest] 28852  - [39m07.03.2026 10:41:52 [32m    LOG[39m [38;5;3m[RouterExplorer] [39m[32mMapped {/users/:id, GET} route[39m[38;5;3m +0ms[39m
[32m[Nest] 28852  - [39m07.03.2026 10:41:52 [32m    LOG[39m [38;5;3m[RouterExplorer] [39m[32mMapped {/users, POST} route[39m[38;5;3m +1ms[39m
[32m[Nest] 28852  - [39m07.03.2026 10:41:52 [32m    LOG[39m [38;5;3m[RouterExplorer] [39m[32mMapped {/users/:id, PUT} route[39m[38;5;3m +0ms[39m
[32m[Nest] 28852  - [39m07.03.2026 10:41:52 [32m    LOG[39m [38;5;3m[RouterExplorer] [39m[32mMapped {/users/:id, DELETE} route[39m[38;5;3m +0ms[39m
[32m[Nest] 28852  - [39m07.03.2026 10:41:52 [32m    LOG[39m [38;5;3m[RoutesResolver] [39m[32mProductsController {/products}:[39m[38;5;3m +0ms[39m
[32m[Nest] 28852  - [39m07.03.2026 10:41:52 [32m    LOG[39m [38;5;3m[RouterExplorer] [39m[32mMapped {/products, GET} route[39m[38;5;3m +0ms[39m
[32m[Nest] 28852  - [39m07.03.2026 10:41:52 [32m    LOG[39m [38;5;3m[RouterExplorer] [39m[32mMapped {/products/:id, GET} route[39m[38;5;3m +0ms[39m
[32m[Nest] 28852  - [39m07.03.2026 10:41:52 [32m    LOG[39m [38;5;3m[RouterExplorer] [39m[32mMapped {/products, POST} route[39m[38;5;3m +0ms[39m
[32m[Nest] 28852  - [39m07.03.2026 10:41:52 [32m    LOG[39m [38;5;3m[RouterExplorer] [39m[32mMapped {/products/:id, PUT} route[39m[38;5;3m +0ms[39m
[32m[Nest] 28852  - [39m07.03.2026 10:41:52 [32m    LOG[39m [38;5;3m[RouterExplorer] [39m[32mMapped {/products/:id, DELETE} route[39m[38;5;3m +0ms[39m
[32m[Nest] 28852  - [39m07.03.2026 10:41:52 [32m    LOG[39m [38;5;3m[RoutesResolver] [39m[32mStocksController {/stocks}:[39m[38;5;3m +0ms[39m
[32m[Nest] 28852  - [39m07.03.2026 10:41:52 [32m    LOG[39m [38;5;3m[RouterExplorer] [39m[32mMapped {/stocks, GET} route[39m[38;5;3m +0ms[39m
[32m[Nest] 28852  - [39m07.03.2026 10:41:52 [32m    LOG[39m [38;5;3m[RouterExplorer] [39m[32mMapped {/stocks/:id, GET} route[39m[38;5;3m +1ms[39m
[32m[Nest] 28852  - [39m07.03.2026 10:41:52 [32m    LOG[39m [38;5;3m[RouterExplorer] [39m[32mMapped {/stocks, POST} route[39m[38;5;3m +0ms[39m
[32m[Nest] 28852  - [39m07.03.2026 10:41:52 [32m    LOG[39m [38;5;3m[RouterExplorer] [39m[32mMapped {/stocks/:id, PUT} route[39m[38;5;3m +0ms[39m
[32m[Nest] 28852  - [39m07.03.2026 10:41:52 [32m    LOG[39m [38;5;3m[RouterExplorer] [39m[32mMapped {/stocks/:id, DELETE} route[39m[38;5;3m +0ms[39m
[32m[Nest] 28852  - [39m07.03.2026 10:41:52 [32m    LOG[39m [38;5;3m[RoutesResolver] [39m[32mSalesController {/sales}:[39m[38;5;3m +0ms[39m
[32m[Nest] 28852  - [39m07.03.2026 10:41:52 [32m    LOG[39m [38;5;3m[RouterExplorer] [39m[32mMapped {/sales, GET} route[39m[38;5;3m +0ms[39m
[32m[Nest] 28852  - [39m07.03.2026 10:41:52 [32m    LOG[39m [38;5;3m[RouterExplorer] [39m[32mMapped {/sales/:id, GET} route[39m[38;5;3m +0ms[39m
[32m[Nest] 28852  - [39m07.03.2026 10:41:52 [32m    LOG[39m [38;5;3m[RouterExplorer] [39m[32mMapped {/sales, POST} route[39m[38;5;3m +0ms[39m
[32m[Nest] 28852  - [39m07.03.2026 10:41:52 [32m    LOG[39m [38;5;3m[RouterExplorer] [39m[32mMapped {/sales/:id, PUT} route[39m[38;5;3m +0ms[39m
[32m[Nest] 28852  - [39m07.03.2026 10:41:52 [32m    LOG[39m [38;5;3m[RouterExplorer] [39m[32mMapped {/sales/:id, DELETE} route[39m[38;5;3m +0ms[39m
[32m[Nest] 28852  - [39m07.03.2026 10:41:52 [32m    LOG[39m [38;5;3m[RoutesResolver] [39m[32mInvoicesController {/invoices}:[39m[38;5;3m +0ms[39m
[32m[Nest] 28852  - [39m07.03.2026 10:41:52 [32m    LOG[39m [38;5;3m[RouterExplorer] [39m[32mMapped {/invoices, GET} route[39m[38;5;3m +0ms[39m
[32m[Nest] 28852  - [39m07.03.2026 10:41:52 [32m    LOG[39m [38;5;3m[RouterExplorer] [39m[32mMapped {/invoices/:id, GET} route[39m[38;5;3m +0ms[39m
[32m[Nest] 28852  - [39m07.03.2026 10:41:52 [32m    LOG[39m [38;5;3m[RouterExplorer] [39m[32mMapped {/invoices, POST} route[39m[38;5;3m +0ms[39m
[32m[Nest] 28852  - [39m07.03.2026 10:41:52 [32m    LOG[39m [38;5;3m[RouterExplorer] [39m[32mMapped {/invoices/:id, PUT} route[39m[38;5;3m +0ms[39m
[32m[Nest] 28852  - [39m07.03.2026 10:41:52 [32m    LOG[39m [38;5;3m[RouterExplorer] [39m[32mMapped {/invoices/:id, DELETE} route[39m[38;5;3m +0ms[39m
[32m[Nest] 28852  - [39m07.03.2026 10:41:52 [32m    LOG[39m [38;5;3m[RouterExplorer] [39m[32mMapped {/invoices/partner/:id, GET} route[39m[38;5;3m +1ms[39m
[32m[Nest] 28852  - [39m07.03.2026 10:41:52 [32m    LOG[39m [38;5;3m[RoutesResolver] [39m[32mDeliveriesController {/deliveries}:[39m[38;5;3m +0ms[39m
[32m[Nest] 28852  - [39m07.03.2026 10:41:52 [32m    LOG[39m [38;5;3m[RouterExplorer] [39m[32mMapped {/deliveries, GET} route[39m[38;5;3m +0ms[39m
[32m[Nest] 28852  - [39m07.03.2026 10:41:52 [32m    LOG[39m [38;5;3m[RouterExplorer] [39m[32mMapped {/deliveries/:id, GET} route[39m[38;5;3m +0ms[39m
[32m[Nest] 28852  - [39m07.03.2026 10:41:52 [32m    LOG[39m [38;5;3m[RouterExplorer] [39m[32mMapped {/deliveries/courier/:id, GET} route[39m[38;5;3m +0ms[39m
[32m[Nest] 28852  - [39m07.03.2026 10:41:52 [32m    LOG[39m [38;5;3m[RouterExplorer] [39m[32mMapped {/deliveries/courier/:id/history, GET} route[39m[38;5;3m +0ms[39m
[32m[Nest] 28852  - [39m07.03.2026 10:41:52 [32m    LOG[39m [38;5;3m[RouterExplorer] [39m[32mMapped {/deliveries/:id/location, PUT} route[39m[38;5;3m +0ms[39m
[32m[Nest] 28852  - [39m07.03.2026 10:41:52 [32m    LOG[39m [38;5;3m[RouterExplorer] [39m[32mMapped {/deliveries, POST} route[39m[38;5;3m +0ms[39m
[32m[Nest] 28852  - [39m07.03.2026 10:41:52 [32m    LOG[39m [38;5;3m[RouterExplorer] [39m[32mMapped {/deliveries/:id, PUT} route[39m[38;5;3m +0ms[39m
[32m[Nest] 28852  - [39m07.03.2026 10:41:52 [32m    LOG[39m [38;5;3m[RouterExplorer] [39m[32mMapped {/deliveries/:id, DELETE} route[39m[38;5;3m +0ms[39m
[32m[Nest] 28852  - [39m07.03.2026 10:41:52 [32m    LOG[39m [38;5;3m[RoutesResolver] [39m[32mAuthController {/auth}:[39m[38;5;3m +0ms[39m
[32m[Nest] 28852  - [39m07.03.2026 10:41:52 [32m    LOG[39m [38;5;3m[RouterExplorer] [39m[32mMapped {/auth/login, POST} route[39m[38;5;3m +0ms[39m
[32m[Nest] 28852  - [39m07.03.2026 10:41:52 [32m    LOG[39m [38;5;3m[RouterExplorer] [39m[32mMapped {/auth/waiters, GET} route[39m[38;5;3m +0ms[39m
[32m[Nest] 28852  - [39m07.03.2026 10:41:52 [32m    LOG[39m [38;5;3m[RouterExplorer] [39m[32mMapped {/auth/login-pin, POST} route[39m[38;5;3m +0ms[39m
[32m[Nest] 28852  - [39m07.03.2026 10:41:52 [32m    LOG[39m [38;5;3m[RouterExplorer] [39m[32mMapped {/auth/register, POST} route[39m[38;5;3m +0ms[39m
[32m[Nest] 28852  - [39m07.03.2026 10:41:52 [32m    LOG[39m [38;5;3m[RoutesResolver] [39m[32mLocationsController {/locations}:[39m[38;5;3m +0ms[39m
[32m[Nest] 28852  - [39m07.03.2026 10:41:52 [32m    LOG[39m [38;5;3m[RouterExplorer] [39m[32mMapped {/locations, GET} route[39m[38;5;3m +0ms[39m
[32m[Nest] 28852  - [39m07.03.2026 10:41:52 [32m    LOG[39m [38;5;3m[RouterExplorer] [39m[32mMapped {/locations/:id, GET} route[39m[38;5;3m +0ms[39m
[32m[Nest] 28852  - [39m07.03.2026 10:41:52 [32m    LOG[39m [38;5;3m[RouterExplorer] [39m[32mMapped {/locations, POST} route[39m[38;5;3m +1ms[39m
[32m[Nest] 28852  - [39m07.03.2026 10:41:52 [32m    LOG[39m [38;5;3m[RouterExplorer] [39m[32mMapped {/locations/:id, PUT} route[39m[38;5;3m +0ms[39m
[32m[Nest] 28852  - [39m07.03.2026 10:41:52 [32m    LOG[39m [38;5;3m[RouterExplorer] [39m[32mMapped {/locations/:id, DELETE} route[39m[38;5;3m +0ms[39m
[32m[Nest] 28852  - [39m07.03.2026 10:41:52 [32m    LOG[39m [38;5;3m[RoutesResolver] [39m[32mTablesController {/tables}:[39m[38;5;3m +0ms[39m
[32m[Nest] 28852  - [39m07.03.2026 10:41:52 [32m    LOG[39m [38;5;3m[RouterExplorer] [39m[32mMapped {/tables, GET} route[39m[38;5;3m +0ms[39m
[32m[Nest] 28852  - [39m07.03.2026 10:41:52 [32m    LOG[39m [38;5;3m[RouterExplorer] [39m[32mMapped {/tables/:id, GET} route[39m[38;5;3m +0ms[39m
[32m[Nest] 28852  - [39m07.03.2026 10:41:52 [32m    LOG[39m [38;5;3m[RouterExplorer] [39m[32mMapped {/tables, POST} route[39m[38;5;3m +0ms[39m
[32m[Nest] 28852  - [39m07.03.2026 10:41:52 [32m    LOG[39m [38;5;3m[RouterExplorer] [39m[32mMapped {/tables/:id, PUT} route[39m[38;5;3m +0ms[39m
[32m[Nest] 28852  - [39m07.03.2026 10:41:52 [32m    LOG[39m [38;5;3m[RouterExplorer] [39m[32mMapped {/tables/:id, DELETE} route[39m[38;5;3m +0ms[39m
[32m[Nest] 28852  - [39m07.03.2026 10:41:52 [32m    LOG[39m [38;5;3m[RoutesResolver] [39m[32mEmployeesController {/employees}:[39m[38;5;3m +0ms[39m
[32m[Nest] 28852  - [39m07.03.2026 10:41:52 [32m    LOG[39m [38;5;3m[RouterExplorer] [39m[32mMapped {/employees, GET} route[39m[38;5;3m +0ms[39m
[32m[Nest] 28852  - [39m07.03.2026 10:41:52 [32m    LOG[39m [38;5;3m[RouterExplorer] [39m[32mMapped {/employees/:id, GET} route[39m[38;5;3m +0ms[39m
[32m[Nest] 28852  - [39m07.03.2026 10:41:52 [32m    LOG[39m [38;5;3m[RouterExplorer] [39m[32mMapped {/employees, POST} route[39m[38;5;3m +0ms[39m
[32m[Nest] 28852  - [39m07.03.2026 10:41:52 [32m    LOG[39m [38;5;3m[RouterExplorer] [39m[32mMapped {/employees/:id, PUT} route[39m[38;5;3m +0ms[39m
[32m[Nest] 28852  - [39m07.03.2026 10:41:52 [32m    LOG[39m [38;5;3m[RouterExplorer] [39m[32mMapped {/employees/:id, PATCH} route[39m[38;5;3m +0ms[39m
[32m[Nest] 28852  - [39m07.03.2026 10:41:52 [32m    LOG[39m [38;5;3m[RouterExplorer] [39m[32mMapped {/employees/:id, DELETE} route[39m[38;5;3m +0ms[39m
[32m[Nest] 28852  - [39m07.03.2026 10:41:52 [32m    LOG[39m [38;5;3m[RouterExplorer] [39m[32mMapped {/employees/:id/documents, GET} route[39m[38;5;3m +0ms[39m
[32m[Nest] 28852  - [39m07.03.2026 10:41:52 [32m    LOG[39m [38;5;3m[RouterExplorer] [39m[32mMapped {/employees/:id/documents, POST} route[39m[38;5;3m +0ms[39m
[32m[Nest] 28852  - [39m07.03.2026 10:41:52 [32m    LOG[39m [38;5;3m[RouterExplorer] [39m[32mMapped {/employees/:id/documents/:docId, DELETE} route[39m[38;5;3m +0ms[39m
[32m[Nest] 28852  - [39m07.03.2026 10:41:52 [32m    LOG[39m [38;5;3m[RoutesResolver] [39m[32mZonesController {/zones}:[39m[38;5;3m +0ms[39m
[32m[Nest] 28852  - [39m07.03.2026 10:41:52 [32m    LOG[39m [38;5;3m[RouterExplorer] [39m[32mMapped {/zones, GET} route[39m[38;5;3m +1ms[39m
[32m[Nest] 28852  - [39m07.03.2026 10:41:52 [32m    LOG[39m [38;5;3m[RouterExplorer] [39m[32mMapped {/zones/:id, GET} route[39m[38;5;3m +0ms[39m
[32m[Nest] 28852  - [39m07.03.2026 10:41:52 [32m    LOG[39m [38;5;3m[RouterExplorer] [39m[32mMapped {/zones, POST} route[39m[38;5;3m +0ms[39m
[32m[Nest] 28852  - [39m07.03.2026 10:41:52 [32m    LOG[39m [38;5;3m[RouterExplorer] [39m[32mMapped {/zones/:id, PUT} route[39m[38;5;3m +0ms[39m
[32m[Nest] 28852  - [39m07.03.2026 10:41:52 [32m    LOG[39m [38;5;3m[RouterExplorer] [39m[32mMapped {/zones/:id, DELETE} route[39m[38;5;3m +0ms[39m
[32m[Nest] 28852  - [39m07.03.2026 10:41:52 [32m    LOG[39m [38;5;3m[RoutesResolver] [39m[32mPartnersController {/partners}:[39m[38;5;3m +0ms[39m
[32m[Nest] 28852  - [39m07.03.2026 10:41:52 [32m    LOG[39m [38;5;3m[RouterExplorer] [39m[32mMapped {/partners, GET} route[39m[38;5;3m +0ms[39m
[32m[Nest] 28852  - [39m07.03.2026 10:41:52 [32m    LOG[39m [38;5;3m[RouterExplorer] [39m[32mMapped {/partners/:id, GET} route[39m[38;5;3m +0ms[39m
[32m[Nest] 28852  - [39m07.03.2026 10:41:52 [32m    LOG[39m [38;5;3m[RouterExplorer] [39m[32mMapped {/partners, POST} route[39m[38;5;3m +0ms[39m
[32m[Nest] 28852  - [39m07.03.2026 10:41:52 [32m    LOG[39m [38;5;3m[RouterExplorer] [39m[32mMapped {/partners/:id, PUT} route[39m[38;5;3m +0ms[39m
[32m[Nest] 28852  - [39m07.03.2026 10:41:52 [32m    LOG[39m [38;5;3m[RouterExplorer] [39m[32mMapped {/partners/:id, DELETE} route[39m[38;5;3m +0ms[39m
[32m[Nest] 28852  - [39m07.03.2026 10:41:52 [32m    LOG[39m [38;5;3m[RoutesResolver] [39m[32mWarehousesController {/warehouses}:[39m[38;5;3m +0ms[39m
[32m[Nest] 28852  - [39m07.03.2026 10:41:52 [32m    LOG[39m [38;5;3m[RouterExplorer] [39m[32mMapped {/warehouses, GET} route[39m[38;5;3m +0ms[39m
[32m[Nest] 28852  - [39m07.03.2026 10:41:52 [32m    LOG[39m [38;5;3m[RouterExplorer] [39m[32mMapped {/warehouses/:id, GET} route[39m[38;5;3m +0ms[39m
[32m[Nest] 28852  - [39m07.03.2026 10:41:52 [32m    LOG[39m [38;5;3m[RouterExplorer] [39m[32mMapped {/warehouses, POST} route[39m[38;5;3m +0ms[39m
[32m[Nest] 28852  - [39m07.03.2026 10:41:52 [32m    LOG[39m [38;5;3m[RouterExplorer] [39m[32mMapped {/warehouses/:id, PUT} route[39m[38;5;3m +0ms[39m
[32m[Nest] 28852  - [39m07.03.2026 10:41:52 [32m    LOG[39m [38;5;3m[RouterExplorer] [39m[32mMapped {/warehouses/:id, DELETE} route[39m[38;5;3m +0ms[39m
[32m[Nest] 28852  - [39m07.03.2026 10:41:52 [32m    LOG[39m [38;5;3m[RoutesResolver] [39m[32mFinanceController {/finance}:[39m[38;5;3m +0ms[39m
[32m[Nest] 28852  - [39m07.03.2026 10:41:52 [32m    LOG[39m [38;5;3m[RouterExplorer] [39m[32mMapped {/finance/transactions, GET} route[39m[38;5;3m +0ms[39m
[32m[Nest] 28852  - [39m07.03.2026 10:41:52 [32m    LOG[39m [38;5;3m[RouterExplorer] [39m[32mMapped {/finance/summary, GET} route[39m[38;5;3m +0ms[39m
[32m[Nest] 28852  - [39m07.03.2026 10:41:52 [32m    LOG[39m [38;5;3m[RouterExplorer] [39m[32mMapped {/finance/transactions/:id, GET} route[39m[38;5;3m +0ms[39m
[32m[Nest] 28852  - [39m07.03.2026 10:41:52 [32m    LOG[39m [38;5;3m[RouterExplorer] [39m[32mMapped {/finance/transactions, POST} route[39m[38;5;3m +1ms[39m
[32m[Nest] 28852  - [39m07.03.2026 10:41:52 [32m    LOG[39m [38;5;3m[RouterExplorer] [39m[32mMapped {/finance/transactions/:id, PUT} route[39m[38;5;3m +0ms[39m
[32m[Nest] 28852  - [39m07.03.2026 10:41:52 [32m    LOG[39m [38;5;3m[RouterExplorer] [39m[32mMapped {/finance/transactions/:id, DELETE} route[39m[38;5;3m +0ms[39m
[32m[Nest] 28852  - [39m07.03.2026 10:41:52 [32m    LOG[39m [38;5;3m[RouterExplorer] [39m[32mMapped {/finance/partner/:id, GET} route[39m[38;5;3m +0ms[39m
[32m[Nest] 28852  - [39m07.03.2026 10:41:52 [32m    LOG[39m [38;5;3m[RoutesResolver] [39m[32mOrdersController {/orders}:[39m[38;5;3m +0ms[39m
[32m[Nest] 28852  - [39m07.03.2026 10:41:52 [32m    LOG[39m [38;5;3m[RouterExplorer] [39m[32mMapped {/orders, GET} route[39m[38;5;3m +0ms[39m
[32m[Nest] 28852  - [39m07.03.2026 10:41:52 [32m    LOG[39m [38;5;3m[RouterExplorer] [39m[32mMapped {/orders/kitchen, GET} route[39m[38;5;3m +0ms[39m
[32m[Nest] 28852  - [39m07.03.2026 10:41:52 [32m    LOG[39m [38;5;3m[RouterExplorer] [39m[32mMapped {/orders/:id, GET} route[39m[38;5;3m +0ms[39m
[32m[Nest] 28852  - [39m07.03.2026 10:41:52 [32m    LOG[39m [38;5;3m[RouterExplorer] [39m[32mMapped {/orders, POST} route[39m[38;5;3m +0ms[39m
[32m[Nest] 28852  - [39m07.03.2026 10:41:52 [32m    LOG[39m [38;5;3m[RouterExplorer] [39m[32mMapped {/orders/:id/status, PUT} route[39m[38;5;3m +0ms[39m
[32m[Nest] 28852  - [39m07.03.2026 10:41:52 [32m    LOG[39m [38;5;3m[RouterExplorer] [39m[32mMapped {/orders/:id, DELETE} route[39m[38;5;3m +0ms[39m
[32m[Nest] 28852  - [39m07.03.2026 10:41:52 [32m    LOG[39m [38;5;3m[RoutesResolver] [39m[32mRecipesController {/recipes}:[39m[38;5;3m +0ms[39m
[32m[Nest] 28852  - [39m07.03.2026 10:41:52 [32m    LOG[39m [38;5;3m[RouterExplorer] [39m[32mMapped {/recipes, GET} route[39m[38;5;3m +0ms[39m
[32m[Nest] 28852  - [39m07.03.2026 10:41:52 [32m    LOG[39m [38;5;3m[RouterExplorer] [39m[32mMapped {/recipes/product/:productId, GET} route[39m[38;5;3m +0ms[39m
[32m[Nest] 28852  - [39m07.03.2026 10:41:52 [32m    LOG[39m [38;5;3m[RouterExplorer] [39m[32mMapped {/recipes/product/:productId/cost, GET} route[39m[38;5;3m +0ms[39m
[32m[Nest] 28852  - [39m07.03.2026 10:41:52 [32m    LOG[39m [38;5;3m[RouterExplorer] [39m[32mMapped {/recipes/product/:productId/summary, GET} route[39m[38;5;3m +1ms[39m
[32m[Nest] 28852  - [39m07.03.2026 10:41:52 [32m    LOG[39m [38;5;3m[RouterExplorer] [39m[32mMapped {/recipes/:id, GET} route[39m[38;5;3m +0ms[39m
[32m[Nest] 28852  - [39m07.03.2026 10:41:52 [32m    LOG[39m [38;5;3m[RouterExplorer] [39m[32mMapped {/recipes, POST} route[39m[38;5;3m +0ms[39m
[32m[Nest] 28852  - [39m07.03.2026 10:41:52 [32m    LOG[39m [38;5;3m[RouterExplorer] [39m[32mMapped {/recipes/:id, PUT} route[39m[38;5;3m +0ms[39m
[32m[Nest] 28852  - [39m07.03.2026 10:41:52 [32m    LOG[39m [38;5;3m[RouterExplorer] [39m[32mMapped {/recipes/:id, DELETE} route[39m[38;5;3m +0ms[39m
[32m[Nest] 28852  - [39m07.03.2026 10:41:52 [32m    LOG[39m [38;5;3m[RoutesResolver] [39m[32mPrintersController {/printers}:[39m[38;5;3m +0ms[39m
[32m[Nest] 28852  - [39m07.03.2026 10:41:52 [32m    LOG[39m [38;5;3m[RouterExplorer] [39m[32mMapped {/printers, GET} route[39m[38;5;3m +0ms[39m
[32m[Nest] 28852  - [39m07.03.2026 10:41:52 [32m    LOG[39m [38;5;3m[RouterExplorer] [39m[32mMapped {/printers/:id, GET} route[39m[38;5;3m +0ms[39m
[32m[Nest] 28852  - [39m07.03.2026 10:41:52 [32m    LOG[39m [38;5;3m[RouterExplorer] [39m[32mMapped {/printers, POST} route[39m[38;5;3m +0ms[39m
[32m[Nest] 28852  - [39m07.03.2026 10:41:52 [32m    LOG[39m [38;5;3m[RouterExplorer] [39m[32mMapped {/printers/:id, PUT} route[39m[38;5;3m +0ms[39m
[32m[Nest] 28852  - [39m07.03.2026 10:41:52 [32m    LOG[39m [38;5;3m[RouterExplorer] [39m[32mMapped {/printers/:id, DELETE} route[39m[38;5;3m +0ms[39m
[32m[Nest] 28852  - [39m07.03.2026 10:41:52 [32m    LOG[39m [38;5;3m[RoutesResolver] [39m[32mWastagesController {/wastages}:[39m[38;5;3m +0ms[39m
[32m[Nest] 28852  - [39m07.03.2026 10:41:52 [32m    LOG[39m [38;5;3m[RouterExplorer] [39m[32mMapped {/wastages, GET} route[39m[38;5;3m +0ms[39m
[32m[Nest] 28852  - [39m07.03.2026 10:41:52 [32m    LOG[39m [38;5;3m[RouterExplorer] [39m[32mMapped {/wastages/summary, GET} route[39m[38;5;3m +0ms[39m
[32m[Nest] 28852  - [39m07.03.2026 10:41:52 [32m    LOG[39m [38;5;3m[RouterExplorer] [39m[32mMapped {/wastages/:id, GET} route[39m[38;5;3m +0ms[39m
[32m[Nest] 28852  - [39m07.03.2026 10:41:52 [32m    LOG[39m [38;5;3m[RouterExplorer] [39m[32mMapped {/wastages, POST} route[39m[38;5;3m +0ms[39m
[32m[Nest] 28852  - [39m07.03.2026 10:41:52 [32m    LOG[39m [38;5;3m[RoutesResolver] [39m[32mPurchaseOrdersController {/purchase-orders}:[39m[38;5;3m +0ms[39m
[32m[Nest] 28852  - [39m07.03.2026 10:41:52 [32m    LOG[39m [38;5;3m[RouterExplorer] [39m[32mMapped {/purchase-orders, GET} route[39m[38;5;3m +0ms[39m
[32m[Nest] 28852  - [39m07.03.2026 10:41:52 [32m    LOG[39m [38;5;3m[RouterExplorer] [39m[32mMapped {/purchase-orders/:id, GET} route[39m[38;5;3m +0ms[39m
[32m[Nest] 28852  - [39m07.03.2026 10:41:52 [32m    LOG[39m [38;5;3m[RouterExplorer] [39m[32mMapped {/purchase-orders, POST} route[39m[38;5;3m +0ms[39m
[32m[Nest] 28852  - [39m07.03.2026 10:41:52 [32m    LOG[39m [38;5;3m[RouterExplorer] [39m[32mMapped {/purchase-orders/auto-generate, POST} route[39m[38;5;3m +0ms[39m
[32m[Nest] 28852  - [39m07.03.2026 10:41:52 [32m    LOG[39m [38;5;3m[RouterExplorer] [39m[32mMapped {/purchase-orders/:id/status, PUT} route[39m[38;5;3m +1ms[39m
[32m[Nest] 28852  - [39m07.03.2026 10:41:52 [32m    LOG[39m [38;5;3m[RouterExplorer] [39m[32mMapped {/purchase-orders/:id/receive, PUT} route[39m[38;5;3m +0ms[39m
[32m[Nest] 28852  - [39m07.03.2026 10:41:52 [32m    LOG[39m [38;5;3m[RouterExplorer] [39m[32mMapped {/purchase-orders/:id, DELETE} route[39m[38;5;3m +0ms[39m
[32m[Nest] 28852  - [39m07.03.2026 10:41:52 [32m    LOG[39m [38;5;3m[NestApplication] [39m[32mNest application successfully started[39m[38;5;3m +3ms[39m
Application is running on: http://localhost:3050
[31m[Nest] 28852  - [39m07.03.2026 10:41:58 [31m  ERROR[39m [38;5;3m[ExceptionsHandler] [39mQueryFailedError: Error: Invalid column name 'orderStartTime'.
    at [90mD:\GitHub\POSAPP\backend\[39mnode_modules\[4mtypeorm[24m\driver\sqlserver\SqlServerQueryRunner.js:204:30
    at [90mD:\GitHub\POSAPP\backend\[39mnode_modules\[4mmssql[24m\lib\base\request.js:443:25
    at Request.userCallback [90m(D:\GitHub\POSAPP\backend\[39mnode_modules\[4mmssql[24m\lib\tedious\request.js:492:15[90m)[39m
    at Request.callback [90m(D:\GitHub\POSAPP\backend\[39mnode_modules\[4mtedious[24m\lib\request.js:239:14[90m)[39m
    at Parser.onEndOfMessage [90m(D:\GitHub\POSAPP\backend\[39mnode_modules\[4mtedious[24m\lib\connection.js:2662:22[90m)[39m
[90m    at Object.onceWrapper (node:events:632:28)[39m
[90m    at Parser.emit (node:events:518:28)[39m
    at Readable.<anonymous> [90m(D:\GitHub\POSAPP\backend\[39mnode_modules\[4mtedious[24m\lib\token\token-stream-parser.js:25:12[90m)[39m
[90m    at Readable.emit (node:events:518:28)[39m
[90m    at endReadableNT (node:internal/streams/readable:1698:12)[39m {
  query: [32m'SELECT "Order"."id" AS "Order_id", "Order"."status" AS "Order_status", "Order"."totalAmount" AS "Order_totalAmount", "Order"."note" AS "Order_note", "Order"."createdAt" AS "Order_createdAt", "Order"."updatedAt" AS "Order_updatedAt", "Order"."tableId" AS "Order_tableId", "Order"."waiterId" AS "Order_waiterId", "Order__Order_items"."id" AS "Order__Order_items_id", "Order__Order_items"."quantity" AS "Order__Order_items_quantity", "Order__Order_items"."unitPrice" AS "Order__Order_items_unitPrice", "Order__Order_items"."note" AS "Order__Order_items_note", "Order__Order_items"."orderId" AS "Order__Order_items_orderId", "Order__Order_items"."productId" AS "Order__Order_items_productId", "Order__Order_items__Order__Order_items_product"."id" AS "Order__Order_items__Order__Order_items_product_id", "Order__Order_items__Order__Order_items_product"."name" AS "Order__Order_items__Order__Order_items_product_name", "Order__Order_items__Order__Order_items_product"."sku" AS "Order__Order_items__Order__Order_items_product_sku", "Order__Order_items__Order__Order_items_product"."price" AS "Order__Order_items__Order__Order_items_product_price", "Order__Order_items__Order__Order_items_product"."category" AS "Order__Order_items__Order__Order_items_product_category", "Order__Order_items__Order__Order_items_product"."isActive" AS "Order__Order_items__Order__Order_items_product_isActive", "Order__Order_items__Order__Order_items_product"."printerId" AS "Order__Order_items__Order__Order_items_product_printerId", "Order__Order_items__Order__Order_items_product"."costPrice" AS "Order__Order_items__Order__Order_items_product_costPrice", "Order__Order_items__Order__Order_items_product"."minStockLevel" AS "Order__Order_items__Order__Order_items_product_minStockLevel", "Order__Order_items__Order__Order_items_product"."unit" AS "Order__Order_items__Order__Order_items_product_unit", "Order__Order_items__Order__Order_items_product"."createdAt" AS "Order__Order_items__Order__Order_items_product_createdAt", "Order__Order_items__Order__Order_items_product"."updatedAt" AS "Order__Order_items__Order__Order_items_product_updatedAt", "Order__Order_table"."id" AS "Order__Order_table_id", "Order__Order_table"."name" AS "Order__Order_table_name", "Order__Order_table"."capacity" AS "Order__Order_table_capacity", "Order__Order_table"."status" AS "Order__Order_table_status", "Order__Order_table"."isActive" AS "Order__Order_table_isActive", "Order__Order_table"."waiterName" AS "Order__Order_table_waiterName", "Order__Order_table"."orderStartTime" AS "Order__Order_table_orderStartTime", "Order__Order_table"."createdAt" AS "Order__Order_table_createdAt", "Order__Order_table"."updatedAt" AS "Order__Order_table_updatedAt", "Order__Order_table"."zoneId" AS "Order__Order_table_zoneId" FROM "orders" "Order" LEFT JOIN "order_items" "Order__Order_items" ON "Order__Order_items"."orderId"="Order"."id"  LEFT JOIN "products" "Order__Order_items__Order__Order_items_product" ON "Order__Order_items__Order__Order_items_product"."id"="Order__Order_items"."productId"  LEFT JOIN "tables" "Order__Order_table" ON "Order__Order_table"."id"="Order"."tableId" WHERE (("Order"."status" IN (@0, @1))) ORDER BY "Order"."createdAt" ASC'[39m,
  parameters: [
    MssqlParameter {
      value: [32m'NEW'[39m,
      type: [32m'nvarchar'[39m,
      [32m'@instanceof'[39m: [32mSymbol(MssqlParameter)[39m,
      params: []
    },
    MssqlParameter {
      value: [32m'IN_PREPARATION'[39m,
      type: [32m'nvarchar'[39m,
      [32m'@instanceof'[39m: [32mSymbol(MssqlParameter)[39m,
      params: []
    }
  ],
  driverError: RequestError: Invalid column name 'orderStartTime'.
      at handleError [90m(D:\GitHub\POSAPP\backend\[39mnode_modules\[4mmssql[24m\lib\tedious\request.js:384:15[90m)[39m
  [90m    at Connection.emit (node:events:518:28)[39m
      at Connection.emit [90m(D:\GitHub\POSAPP\backend\[39mnode_modules\[4mtedious[24m\lib\connection.js:1013:18[90m)[39m
      at RequestTokenHandler.onErrorMessage [90m(D:\GitHub\POSAPP\backend\[39mnode_modules\[4mtedious[24m\lib\token\handler.js:285:21[90m)[39m
      at Readable.<anonymous> [90m(D:\GitHub\POSAPP\backend\[39mnode_modules\[4mtedious[24m\lib\token\token-stream-parser.js:19:33[90m)[39m
  [90m    at Readable.emit (node:events:518:28)[39m
  [90m    at addChunk (node:internal/streams/readable:561:12)[39m
  [90m    at readableAddChunkPushObjectMode (node:internal/streams/readable:538:3)[39m
  [90m    at Readable.push (node:internal/streams/readable:393:5)[39m
  [90m    at nextAsync (node:internal/streams/from:194:22)[39m {
    code: [32m'EREQUEST'[39m,
    originalError: Error: Invalid column name 'orderStartTime'.
        at handleError [90m(D:\GitHub\POSAPP\backend\[39mnode_modules\[4mmssql[24m\lib\tedious\request.js:382:19[90m)[39m
    [90m    at Connection.emit (node:events:518:28)[39m
        at Connection.emit [90m(D:\GitHub\POSAPP\backend\[39mnode_modules\[4mtedious[24m\lib\connection.js:1013:18[90m)[39m
        at RequestTokenHandler.onErrorMessage [90m(D:\GitHub\POSAPP\backend\[39mnode_modules\[4mtedious[24m\lib\token\handler.js:285:21[90m)[39m
        at Readable.<anonymous> [90m(D:\GitHub\POSAPP\backend\[39mnode_modules\[4mtedious[24m\lib\token\token-stream-parser.js:19:33[90m)[39m
    [90m    at Readable.emit (node:events:518:28)[39m
    [90m    at addChunk (node:internal/streams/readable:561:12)[39m
    [90m    at readableAddChunkPushObjectMode (node:internal/streams/readable:538:3)[39m
    [90m    at Readable.push (node:internal/streams/readable:393:5)[39m
    [90m    at nextAsync (node:internal/streams/from:194:22)[39m {
      info: ErrorMessageToken {
        name: [32m'ERROR'[39m,
        handlerName: [32m'onErrorMessage'[39m,
        number: [33m207[39m,
        state: [33m1[39m,
        class: [33m16[39m,
        message: [32m"Invalid column name 'orderStartTime'."[39m,
        serverName: [32m'WS22-212DEVELOPMENT\\SQLSERVER'[39m,
        procName: [32m''[39m,
        lineNumber: [33m1[39m
      }
    },
    number: [33m207[39m,
    lineNumber: [33m1[39m,
    state: [33m1[39m,
    class: [33m16[39m,
    serverName: [32m'WS22-212DEVELOPMENT\\SQLSERVER'[39m,
    procName: [32m''[39m,
    precedingErrors: [
      RequestError: Invalid column name 'printerId'.
          at handleError [90m(D:\GitHub\POSAPP\backend\[39mnode_modules\[4mmssql[24m\lib\tedious\request.js:384:15[90m)[39m
      [90m    at Connection.emit (node:events:518:28)[39m
          at Connection.emit [90m(D:\GitHub\POSAPP\backend\[39mnode_modules\[4mtedious[24m\lib\connection.js:1013:18[90m)[39m
          at RequestTokenHandler.onErrorMessage [90m(D:\GitHub\POSAPP\backend\[39mnode_modules\[4mtedious[24m\lib\token\handler.js:285:21[90m)[39m
          at Readable.<anonymous> [90m(D:\GitHub\POSAPP\backend\[39mnode_modules\[4mtedious[24m\lib\token\token-stream-parser.js:19:33[90m)[39m
      [90m    at Readable.emit (node:events:518:28)[39m
      [90m    at addChunk (node:internal/streams/readable:561:12)[39m
      [90m    at readableAddChunkPushObjectMode (node:internal/streams/readable:538:3)[39m
      [90m    at Readable.push (node:internal/streams/readable:393:5)[39m
      [90m    at nextAsync (node:internal/streams/from:194:22)[39m {
        code: [32m'EREQUEST'[39m,
        originalError: Error: Invalid column name 'printerId'.
            at handleError [90m(D:\GitHub\POSAPP\backend\[39mnode_modules\[4mmssql[24m\lib\tedious\request.js:382:19[90m)[39m
        [90m    at Connection.emit (node:events:518:28)[39m
            at Connection.emit [90m(D:\GitHub\POSAPP\backend\[39mnode_modules\[4mtedious[24m\lib\connection.js:1013:18[90m)[39m
            at RequestTokenHandler.onErrorMessage [90m(D:\GitHub\POSAPP\backend\[39mnode_modules\[4mtedious[24m\lib\token\handler.js:285:21[90m)[39m
            at Readable.<anonymous> [90m(D:\GitHub\POSAPP\backend\[39mnode_modules\[4mtedious[24m\lib\token\token-stream-parser.js:19:33[90m)[39m
        [90m    at Readable.emit (node:events:518:28)[39m
        [90m    at addChunk (node:internal/streams/readable:561:12)[39m
        [90m    at readableAddChunkPushObjectMode (node:internal/streams/readable:538:3)[39m
        [90m    at Readable.push (node:internal/streams/readable:393:5)[39m
        [90m    at nextAsync (node:internal/streams/from:194:22)[39m {
          info: ErrorMessageToken {
            name: [32m'ERROR'[39m,
            handlerName: [32m'onErrorMessage'[39m,
            number: [33m207[39m,
            state: [33m1[39m,
            class: [33m16[39m,
            message: [32m"Invalid column name 'printerId'."[39m,
            serverName: [32m'WS22-212DEVELOPMENT\\SQLSERVER'[39m,
            procName: [32m''[39m,
            lineNumber: [33m1[39m
          }
        },
        number: [33m207[39m,
        lineNumber: [33m1[39m,
        state: [33m1[39m,
        class: [33m16[39m,
        serverName: [32m'WS22-212DEVELOPMENT\\SQLSERVER'[39m,
        procName: [32m''[39m
      },
      RequestError: Invalid column name 'waiterName'.
          at handleError [90m(D:\GitHub\POSAPP\backend\[39mnode_modules\[4mmssql[24m\lib\tedious\request.js:384:15[90m)[39m
      [90m    at Connection.emit (node:events:518:28)[39m
          at Connection.emit [90m(D:\GitHub\POSAPP\backend\[39mnode_modules\[4mtedious[24m\lib\connection.js:1013:18[90m)[39m
          at RequestTokenHandler.onErrorMessage [90m(D:\GitHub\POSAPP\backend\[39mnode_modules\[4mtedious[24m\lib\token\handler.js:285:21[90m)[39m
          at Readable.<anonymous> [90m(D:\GitHub\POSAPP\backend\[39mnode_modules\[4mtedious[24m\lib\token\token-stream-parser.js:19:33[90m)[39m
      [90m    at Readable.emit (node:events:518:28)[39m
      [90m    at addChunk (node:internal/streams/readable:561:12)[39m
      [90m    at readableAddChunkPushObjectMode (node:internal/streams/readable:538:3)[39m
      [90m    at Readable.push (node:internal/streams/readable:393:5)[39m
      [90m    at nextAsync (node:internal/streams/from:194:22)[39m {
        code: [32m'EREQUEST'[39m,
        originalError: Error: Invalid column name 'waiterName'.
            at handleError [90m(D:\GitHub\POSAPP\backend\[39mnode_modules\[4mmssql[24m\lib\tedious\request.js:382:19[90m)[39m
        [90m    at Connection.emit (node:events:518:28)[39m
            at Connection.emit [90m(D:\GitHub\POSAPP\backend\[39mnode_modules\[4mtedious[24m\lib\connection.js:1013:18[90m)[39m
            at RequestTokenHandler.onErrorMessage [90m(D:\GitHub\POSAPP\backend\[39mnode_modules\[4mtedious[24m\lib\token\handler.js:285:21[90m)[39m
            at Readable.<anonymous> [90m(D:\GitHub\POSAPP\backend\[39mnode_modules\[4mtedious[24m\lib\token\token-stream-parser.js:19:33[90m)[39m
        [90m    at Readable.emit (node:events:518:28)[39m
        [90m    at addChunk (node:internal/streams/readable:561:12)[39m
        [90m    at readableAddChunkPushObjectMode (node:internal/streams/readable:538:3)[39m
        [90m    at Readable.push (node:internal/streams/readable:393:5)[39m
        [90m    at nextAsync (node:internal/streams/from:194:22)[39m {
          info: ErrorMessageToken {
            name: [32m'ERROR'[39m,
            handlerName: [32m'onErrorMessage'[39m,
            number: [33m207[39m,
            state: [33m1[39m,
            class: [33m16[39m,
            message: [32m"Invalid column name 'waiterName'."[39m,
            serverName: [32m'WS22-212DEVELOPMENT\\SQLSERVER'[39m,
            procName: [32m''[39m,
            lineNumber: [33m1[39m
          }
        },
        number: [33m207[39m,
        lineNumber: [33m1[39m,
        state: [33m1[39m,
        class: [33m16[39m,
        serverName: [32m'WS22-212DEVELOPMENT\\SQLSERVER'[39m,
        procName: [32m''[39m
      }
    ]
  },
  code: [32m'EREQUEST'[39m,
  originalError: Error: Invalid column name 'orderStartTime'.
      at handleError [90m(D:\GitHub\POSAPP\backend\[39mnode_modules\[4mmssql[24m\lib\tedious\request.js:382:19[90m)[39m
  [90m    at Connection.emit (node:events:518:28)[39m
      at Connection.emit [90m(D:\GitHub\POSAPP\backend\[39mnode_modules\[4mtedious[24m\lib\connection.js:1013:18[90m)[39m
      at RequestTokenHandler.onErrorMessage [90m(D:\GitHub\POSAPP\backend\[39mnode_modules\[4mtedious[24m\lib\token\handler.js:285:21[90m)[39m
      at Readable.<anonymous> [90m(D:\GitHub\POSAPP\backend\[39mnode_modules\[4mtedious[24m\lib\token\token-stream-parser.js:19:33[90m)[39m
  [90m    at Readable.emit (node:events:518:28)[39m
  [90m    at addChunk (node:internal/streams/readable:561:12)[39m
  [90m    at readableAddChunkPushObjectMode (node:internal/streams/readable:538:3)[39m
  [90m    at Readable.push (node:internal/streams/readable:393:5)[39m
  [90m    at nextAsync (node:internal/streams/from:194:22)[39m {
    info: ErrorMessageToken {
      name: [32m'ERROR'[39m,
      handlerName: [32m'onErrorMessage'[39m,
      number: [33m207[39m,
      state: [33m1[39m,
      class: [33m16[39m,
      message: [32m"Invalid column name 'orderStartTime'."[39m,
      serverName: [32m'WS22-212DEVELOPMENT\\SQLSERVER'[39m,
      procName: [32m''[39m,
      lineNumber: [33m1[39m
    }
  },
  number: [33m207[39m,
  lineNumber: [33m1[39m,
  state: [33m1[39m,
  class: [33m16[39m,
  serverName: [32m'WS22-212DEVELOPMENT\\SQLSERVER'[39m,
  procName: [32m''[39m,
  precedingErrors: [
    RequestError: Invalid column name 'printerId'.
        at handleError [90m(D:\GitHub\POSAPP\backend\[39mnode_modules\[4mmssql[24m\lib\tedious\request.js:384:15[90m)[39m
    [90m    at Connection.emit (node:events:518:28)[39m
        at Connection.emit [90m(D:\GitHub\POSAPP\backend\[39mnode_modules\[4mtedious[24m\lib\connection.js:1013:18[90m)[39m
        at RequestTokenHandler.onErrorMessage [90m(D:\GitHub\POSAPP\backend\[39mnode_modules\[4mtedious[24m\lib\token\handler.js:285:21[90m)[39m
        at Readable.<anonymous> [90m(D:\GitHub\POSAPP\backend\[39mnode_modules\[4mtedious[24m\lib\token\token-stream-parser.js:19:33[90m)[39m
    [90m    at Readable.emit (node:events:518:28)[39m
    [90m    at addChunk (node:internal/streams/readable:561:12)[39m
    [90m    at readableAddChunkPushObjectMode (node:internal/streams/readable:538:3)[39m
    [90m    at Readable.push (node:internal/streams/readable:393:5)[39m
    [90m    at nextAsync (node:internal/streams/from:194:22)[39m {
      code: [32m'EREQUEST'[39m,
      originalError: Error: Invalid column name 'printerId'.
          at handleError [90m(D:\GitHub\POSAPP\backend\[39mnode_modules\[4mmssql[24m\lib\tedious\request.js:382:19[90m)[39m
      [90m    at Connection.emit (node:events:518:28)[39m
          at Connection.emit [90m(D:\GitHub\POSAPP\backend\[39mnode_modules\[4mtedious[24m\lib\connection.js:1013:18[90m)[39m
          at RequestTokenHandler.onErrorMessage [90m(D:\GitHub\POSAPP\backend\[39mnode_modules\[4mtedious[24m\lib\token\handler.js:285:21[90m)[39m
          at Readable.<anonymous> [90m(D:\GitHub\POSAPP\backend\[39mnode_modules\[4mtedious[24m\lib\token\token-stream-parser.js:19:33[90m)[39m
      [90m    at Readable.emit (node:events:518:28)[39m
      [90m    at addChunk (node:internal/streams/readable:561:12)[39m
      [90m    at readableAddChunkPushObjectMode (node:internal/streams/readable:538:3)[39m
      [90m    at Readable.push (node:internal/streams/readable:393:5)[39m
      [90m    at nextAsync (node:internal/streams/from:194:22)[39m {
        info: ErrorMessageToken {
          name: [32m'ERROR'[39m,
          handlerName: [32m'onErrorMessage'[39m,
          number: [33m207[39m,
          state: [33m1[39m,
          class: [33m16[39m,
          message: [32m"Invalid column name 'printerId'."[39m,
          serverName: [32m'WS22-212DEVELOPMENT\\SQLSERVER'[39m,
          procName: [32m''[39m,
          lineNumber: [33m1[39m
        }
      },
      number: [33m207[39m,
      lineNumber: [33m1[39m,
      state: [33m1[39m,
      class: [33m16[39m,
      serverName: [32m'WS22-212DEVELOPMENT\\SQLSERVER'[39m,
      procName: [32m''[39m
    },
    RequestError: Invalid column name 'waiterName'.
        at handleError [90m(D:\GitHub\POSAPP\backend\[39mnode_modules\[4mmssql[24m\lib\tedious\request.js:384:15[90m)[39m
    [90m    at Connection.emit (node:events:518:28)[39m
        at Connection.emit [90m(D:\GitHub\POSAPP\backend\[39mnode_modules\[4mtedious[24m\lib\connection.js:1013:18[90m)[39m
        at RequestTokenHandler.onErrorMessage [90m(D:\GitHub\POSAPP\backend\[39mnode_modules\[4mtedious[24m\lib\token\handler.js:285:21[90m)[39m
        at Readable.<anonymous> [90m(D:\GitHub\POSAPP\backend\[39mnode_modules\[4mtedious[24m\lib\token\token-stream-parser.js:19:33[90m)[39m
    [90m    at Readable.emit (node:events:518:28)[39m
    [90m    at addChunk (node:internal/streams/readable:561:12)[39m
    [90m    at readableAddChunkPushObjectMode (node:internal/streams/readable:538:3)[39m
    [90m    at Readable.push (node:internal/streams/readable:393:5)[39m
    [90m    at nextAsync (node:internal/streams/from:194:22)[39m {
      code: [32m'EREQUEST'[39m,
      originalError: Error: Invalid column name 'waiterName'.
          at handleError [90m(D:\GitHub\POSAPP\backend\[39mnode_modules\[4mmssql[24m\lib\tedious\request.js:382:19[90m)[39m
      [90m    at Connection.emit (node:events:518:28)[39m
          at Connection.emit [90m(D:\GitHub\POSAPP\backend\[39mnode_modules\[4mtedious[24m\lib\connection.js:1013:18[90m)[39m
          at RequestTokenHandler.onErrorMessage [90m(D:\GitHub\POSAPP\backend\[39mnode_modules\[4mtedious[24m\lib\token\handler.js:285:21[90m)[39m
          at Readable.<anonymous> [90m(D:\GitHub\POSAPP\backend\[39mnode_modules\[4mtedious[24m\lib\token\token-stream-parser.js:19:33[90m)[39m
      [90m    at Readable.emit (node:events:518:28)[39m
      [90m    at addChunk (node:internal/streams/readable:561:12)[39m
      [90m    at readableAddChunkPushObjectMode (node:internal/streams/readable:538:3)[39m
      [90m    at Readable.push (node:internal/streams/readable:393:5)[39m
      [90m    at nextAsync (node:internal/streams/from:194:22)[39m {
        info: ErrorMessageToken {
          name: [32m'ERROR'[39m,
          handlerName: [32m'onErrorMessage'[39m,
          number: [33m207[39m,
          state: [33m1[39m,
          class: [33m16[39m,
          message: [32m"Invalid column name 'waiterName'."[39m,
          serverName: [32m'WS22-212DEVELOPMENT\\SQLSERVER'[39m,
          procName: [32m''[39m,
          lineNumber: [33m1[39m
        }
      },
      number: [33m207[39m,
      lineNumber: [33m1[39m,
      state: [33m1[39m,
      class: [33m16[39m,
      serverName: [32m'WS22-212DEVELOPMENT\\SQLSERVER'[39m,
      procName: [32m''[39m
    }
  ]
}
